2019-01-19 22:47:29,422 - modules.Log -INFO - **********************************************************************************************
2019-01-19 22:47:29,427 - modules.Log -INFO - -------------------  VERIFY INVALID USER UNABLE TO LOGIN INTO THE WEBSITE WITH INCORRECT CREDENTIALS-STARTED   -------------------------
2019-01-19 22:47:29,428 - modules.Log -INFO - **********************************************************************************************
2019-01-19 22:47:34,181 - modules.Log -INFO - Launching https://www.papajohns.com
2019-01-19 22:47:34,214 - modules.Log -INFO - Navigated to Home Page
2019-01-19 22:47:34,357 - modules.Log -INFO - Clicked On Login button in Home Page Start 
2019-01-19 22:47:34,824 - modules.Log -INFO - Entered qa001@papajohns.com in Email TextField 
2019-01-19 22:47:35,027 - modules.Log -INFO - Entered TestUser!1 in password TextField 
2019-01-19 22:47:35,206 - modules.Log -INFO - Clicked On Login button
2019-01-19 22:47:35,268 - modules.Log -INFO - ***********************   VERIFY INVALID USER UNABLE TO LOGIN INTO THE WEBSITE WITH INCORRECT CREDENTIALS- ENDED  ************************
2019-01-19 22:47:35,268 - modules.Log -INFO - Scenario Failed
2019-01-19 22:47:37,011 - modules.Log -INFO - Closed Website
2019-01-19 22:49:54,520 - modules.Log -INFO - **********************************************************************************************
2019-01-19 22:49:54,524 - modules.Log -INFO - -------------------  VERIFY INVALID USER UNABLE TO LOGIN INTO THE WEBSITE WITH INCORRECT CREDENTIALS-STARTED   -------------------------
2019-01-19 22:49:54,525 - modules.Log -INFO - **********************************************************************************************
2019-01-19 22:49:58,919 - modules.Log -INFO - Launching https://www.papajohns.com
2019-01-19 22:49:58,943 - modules.Log -INFO - Navigated to Home Page
2019-01-19 22:49:59,078 - modules.Log -INFO - Clicked On Login button in Home Page Start 
2019-01-19 22:49:59,517 - modules.Log -INFO - Entered qa001@papajohns.com in Email TextField 
2019-01-19 22:49:59,717 - modules.Log -INFO - Entered TestUser!1 in password TextField 
2019-01-19 22:49:59,872 - modules.Log -INFO - Clicked On Login button
2019-01-19 22:49:59,955 - modules.Log -INFO - ***********************   VERIFY INVALID USER UNABLE TO LOGIN INTO THE WEBSITE WITH INCORRECT CREDENTIALS- ENDED  ************************
2019-01-19 22:49:59,956 - modules.Log -INFO - Scenario Failed
2019-01-19 22:50:01,998 - modules.Log -INFO - Closed Website
2019-01-19 22:51:26,616 - modules.Log -INFO - **********************************************************************************************
2019-01-19 22:51:26,619 - modules.Log -INFO - -------------------  VERIFY USER ABLE TO SET CARRYOUT STORE-STARTED   -------------------------
2019-01-19 22:51:26,619 - modules.Log -INFO - **********************************************************************************************
2019-01-19 22:51:35,470 - modules.Log -INFO - Launching https://www.papajohns.com
2019-01-19 22:51:35,496 - modules.Log -INFO - Navigated to Home Page
2019-01-19 22:51:37,417 - modules.Log -INFO - Clicked On Start Your order Button
2019-01-19 22:51:37,556 - modules.Log -INFO - Navigated to Location Page
2019-01-19 22:51:37,694 - modules.Log -INFO - Selected  Delivery type as Carryout
2019-01-19 22:51:37,910 - modules.Log -INFO - Entered Carryout Zipcode as -- 40220
2019-01-19 22:51:38,183 - modules.Log -INFO - Clicked on submit
2019-01-19 22:51:38,184 - modules.Log -INFO - ***********************   VERIFY USER ABLE TO SET CARRYOUT STORE- ENDED  ************************
2019-01-19 22:51:38,351 - modules.Log -INFO - Closed Website
2019-01-19 22:51:39,513 - modules.Log -INFO - **********************************************************************************************
2019-01-19 22:51:39,514 - modules.Log -INFO - -------------------  VERIFY INVALID USER UNABLE TO LOGIN INTO THE WEBSITE WITH INCORRECT CREDENTIALS-STARTED   -------------------------
2019-01-19 22:51:39,514 - modules.Log -INFO - **********************************************************************************************
2019-01-19 22:51:45,450 - modules.Log -INFO - Launching https://www.papajohns.com
2019-01-19 22:51:45,459 - modules.Log -INFO - Navigated to Home Page
2019-01-19 22:51:45,581 - modules.Log -INFO - Clicked On Login button in Home Page Start 
2019-01-19 22:51:46,032 - modules.Log -INFO - Entered qa001@papajohns.com in Email TextField 
2019-01-19 22:51:46,235 - modules.Log -INFO - Entered TestUser!1 in password TextField 
2019-01-19 22:51:46,381 - modules.Log -INFO - Clicked On Login button
2019-01-19 22:51:46,463 - modules.Log -INFO - ***********************   VERIFY INVALID USER UNABLE TO LOGIN INTO THE WEBSITE WITH INCORRECT CREDENTIALS- ENDED  ************************
2019-01-19 22:51:46,463 - modules.Log -INFO - Scenario Failed
2019-01-19 22:51:48,383 - modules.Log -INFO - Closed Website
